12:51:44: Creating resource group General
12:51:44: Creating resource group Internal
12:51:44: Creating resource group Autodetect
12:51:44: SceneManagerFactory for type 'DefaultSceneManager' registered.
12:51:44: Registering ResourceManager for type Material
12:51:44: Registering ResourceManager for type Mesh
12:51:44: Registering ResourceManager for type Skeleton
12:51:44: MovableObjectFactory for type 'ParticleSystem' registered.
12:51:44: OverlayElementFactory for type Panel registered.
12:51:44: OverlayElementFactory for type BorderPanel registered.
12:51:44: OverlayElementFactory for type TextArea registered.
12:51:44: Registering ResourceManager for type Font
12:51:44: ArchiveFactory for archive type FileSystem registered.
12:51:44: ArchiveFactory for archive type Zip registered.
12:51:44: DDS codec registering
12:51:44: FreeImage version: 3.13.1
12:51:44: This program uses FreeImage, a free, open source image library supporting all common bitmap formats. See http://freeimage.sourceforge.net for details
12:51:44: Supported formats: bmp,ico,jpg,jif,jpeg,jpe,jng,koa,iff,lbm,mng,pbm,pbm,pcd,pcx,pgm,pgm,png,ppm,ppm,ras,tga,targa,tif,tiff,wap,wbmp,wbm,psd,cut,xbm,xpm,gif,hdr,g3,sgi,exr,j2k,j2c,jp2,pfm,pct,pict,pic,bay,bmq,cr2,crw,cs1,dc2,dcr,dng,erf,fff,hdr,k25,kdc,mdc,mos,mrw,nef,orf,pef,pxn,raf,raw,rdc,sr2,srf,arw,3fr,cine,ia,kc2,mef,nrw,qtk,rw2,sti,drf,dsc,ptx,cap,iiq,rwz
12:51:44: Registering ResourceManager for type HighLevelGpuProgram
12:51:44: Registering ResourceManager for type Compositor
12:51:44: MovableObjectFactory for type 'Entity' registered.
12:51:44: MovableObjectFactory for type 'Light' registered.
12:51:44: MovableObjectFactory for type 'BillboardSet' registered.
12:51:44: MovableObjectFactory for type 'ManualObject' registered.
12:51:44: MovableObjectFactory for type 'BillboardChain' registered.
12:51:44: MovableObjectFactory for type 'RibbonTrail' registered.
12:51:44: Loading library ./RenderSystem_Direct3D9
12:51:44: Installing plugin: D3D9 RenderSystem
12:51:44: D3D9 : Direct3D9 Rendering Subsystem created.
12:51:44: D3D9: Driver Detection Starts
12:51:44: D3D9: Driver Detection Ends
12:51:44: Plugin successfully installed
12:51:44: Loading library ./RenderSystem_GL
12:51:45: Installing plugin: GL RenderSystem
12:51:45: OpenGL Rendering Subsystem created.
12:51:45: Plugin successfully installed
12:51:45: *-*-* OGRE Initialising
12:51:45: *-*-* Version 1.7.3 (Cthugha)
