12:51:50: Creating resource group General
12:51:50: Creating resource group Internal
12:51:50: Creating resource group Autodetect
12:51:50: SceneManagerFactory for type 'DefaultSceneManager' registered.
12:51:50: Registering ResourceManager for type Material
12:51:50: Registering ResourceManager for type Mesh
12:51:50: Registering ResourceManager for type Skeleton
12:51:50: MovableObjectFactory for type 'ParticleSystem' registered.
12:51:50: OverlayElementFactory for type Panel registered.
12:51:50: OverlayElementFactory for type BorderPanel registered.
12:51:50: OverlayElementFactory for type TextArea registered.
12:51:50: Registering ResourceManager for type Font
12:51:50: ArchiveFactory for archive type FileSystem registered.
12:51:50: ArchiveFactory for archive type Zip registered.
12:51:50: DDS codec registering
12:51:50: FreeImage version: 3.13.1
12:51:50: This program uses FreeImage, a free, open source image library supporting all common bitmap formats. See http://freeimage.sourceforge.net for details
12:51:50: Supported formats: bmp,ico,jpg,jif,jpeg,jpe,jng,koa,iff,lbm,mng,pbm,pbm,pcd,pcx,pgm,pgm,png,ppm,ppm,ras,tga,targa,tif,tiff,wap,wbmp,wbm,psd,cut,xbm,xpm,gif,hdr,g3,sgi,exr,j2k,j2c,jp2,pfm,pct,pict,pic,bay,bmq,cr2,crw,cs1,dc2,dcr,dng,erf,fff,hdr,k25,kdc,mdc,mos,mrw,nef,orf,pef,pxn,raf,raw,rdc,sr2,srf,arw,3fr,cine,ia,kc2,mef,nrw,qtk,rw2,sti,drf,dsc,ptx,cap,iiq,rwz
12:51:50: Registering ResourceManager for type HighLevelGpuProgram
12:51:50: Registering ResourceManager for type Compositor
12:51:50: MovableObjectFactory for type 'Entity' registered.
12:51:50: MovableObjectFactory for type 'Light' registered.
12:51:50: MovableObjectFactory for type 'BillboardSet' registered.
12:51:50: MovableObjectFactory for type 'ManualObject' registered.
12:51:50: MovableObjectFactory for type 'BillboardChain' registered.
12:51:50: MovableObjectFactory for type 'RibbonTrail' registered.
12:51:50: Loading library ./RenderSystem_Direct3D9
12:51:50: Installing plugin: D3D9 RenderSystem
12:51:50: D3D9 : Direct3D9 Rendering Subsystem created.
12:51:51: D3D9: Driver Detection Starts
12:51:51: D3D9: Driver Detection Ends
12:51:51: Plugin successfully installed
12:51:51: Loading library ./RenderSystem_GL
12:51:51: Installing plugin: GL RenderSystem
12:51:51: OpenGL Rendering Subsystem created.
12:51:54: Plugin successfully installed
12:51:54: *-*-* OGRE Initialising
12:51:54: *-*-* Version 1.7.3 (Cthugha)
12:51:54: Creating resource group Essential
12:51:54: Added resource location '../media/packs/SdkTrays.zip' of type 'Zip' to resource group 'Essential'
12:51:54: Added resource location '../Media' of type 'FileSystem' to resource group 'General'
12:51:54: Added resource location '../Media/Materials/Scripts' of type 'FileSystem' to resource group 'General'
12:51:54: Added resource location '../Media/Materials/Textures' of type 'FileSystem' to resource group 'General'
12:51:54: Added resource location '../Media/Models' of type 'FileSystem' to resource group 'General'
12:51:54: D3D9 : RenderSystem Option: Allow NVPerfHUD = No
12:51:54: D3D9 : RenderSystem Option: FSAA = 0
12:51:54: D3D9 : RenderSystem Option: Floating-point mode = Fastest
12:51:54: D3D9 : RenderSystem Option: Full Screen = No
12:51:54: D3D9 : RenderSystem Option: Rendering Device = Monitor-1-NVIDIA GeForce 6150 LE
12:51:54: D3D9 : RenderSystem Option: Resource Creation Policy = Create on all devices
12:51:54: D3D9 : RenderSystem Option: VSync = No
12:51:54: D3D9 : RenderSystem Option: VSync Interval = 1
12:51:54: D3D9 : RenderSystem Option: Video Mode = 800 x 600 @ 32-bit colour
12:51:54: D3D9 : RenderSystem Option: sRGB Gamma Conversion = No
12:51:56: CPU Identifier & Features
12:51:56: -------------------------
12:51:56:  *   CPU ID: AuthenticAMD: AMD Sempron(tm) Processor 3400+
12:51:56:  *      SSE: yes
12:51:56:  *     SSE2: yes
12:51:56:  *     SSE3: yes
12:51:56:  *      MMX: yes
12:51:56:  *   MMXEXT: yes
12:51:56:  *    3DNOW: yes
12:51:56:  * 3DNOWEXT: yes
12:51:56:  *     CMOV: yes
12:51:56:  *      TSC: yes
12:51:56:  *      FPU: yes
12:51:56:  *      PRO: yes
12:51:56:  *       HT: no
12:51:56: -------------------------
12:51:56: D3D9 : Subsystem Initialising
12:51:56: Registering ResourceManager for type Texture
12:51:56: Registering ResourceManager for type GpuProgram
12:51:56: D3D9RenderSystem::_createRenderWindow "GHOST IN THE GRAVEYARD", 800x600 windowed  miscParams: FSAA=0 FSAAHint= colourDepth=32 gamma=false monitorIndex=0 useNVPerfHUD=false vsync=false vsyncInterval=1 
12:51:56: D3D9 : Created D3D9 Rendering Window 'GHOST IN THE GRAVEYARD' : 800x600, 32bpp
12:51:56: D3D9 : WARNING - disabling VSync in windowed mode can cause timing issues at lower frame rates, turn VSync on if you observe this problem.
12:51:56: D3D9: Vertex texture format supported - PF_FLOAT32_RGB
12:51:56: D3D9: Vertex texture format supported - PF_FLOAT32_RGBA
12:51:56: D3D9: Vertex texture format supported - PF_FLOAT32_R
12:51:56: RenderSystem capabilities
12:51:56: -------------------------
12:51:56: RenderSystem Name: Direct3D9 Rendering Subsystem
12:51:56: GPU Vendor: nvidia
12:51:56: Device Name: Monitor-1-NVIDIA GeForce 6150 LE
12:51:56: Driver Version: 6.14.12.7533
12:51:56:  * Fixed function pipeline: yes
12:51:56:  * Hardware generation of mipmaps: yes
12:51:56:  * Texture blending: yes
12:51:56:  * Anisotropic texture filtering: yes
12:51:56:  * Dot product texture operation: yes
12:51:56:  * Cube mapping: yes
12:51:56:  * Hardware stencil buffer: yes
12:51:56:    - Stencil depth: 8
12:51:56:    - Two sided stencil support: yes
12:51:56:    - Wrap stencil values: yes
12:51:56:  * Hardware vertex / index buffers: yes
12:51:56:  * Vertex programs: yes
12:51:56:  * Number of floating-point constants for vertex programs: 256
12:51:56:  * Number of integer constants for vertex programs: 16
12:51:56:  * Number of boolean constants for vertex programs: 16
12:51:56:  * Fragment programs: yes
12:51:56:  * Number of floating-point constants for fragment programs: 224
12:51:56:  * Number of integer constants for fragment programs: 16
12:51:56:  * Number of boolean constants for fragment programs: 16
12:51:56:  * Geometry programs: no
12:51:56:  * Number of floating-point constants for geometry programs: 0
12:51:56:  * Number of integer constants for geometry programs: 0
12:51:56:  * Number of boolean constants for geometry programs: 0
12:51:56:  * Supported Shader Profiles: hlsl ps_1_1 ps_1_2 ps_1_3 ps_1_4 ps_2_0 ps_2_a ps_2_b ps_2_x ps_3_0 vs_1_1 vs_2_0 vs_2_a vs_2_x vs_3_0
12:51:56:  * Texture Compression: yes
12:51:56:    - DXT: yes
12:51:56:    - VTC: no
12:51:56:    - PVRTC: no
12:51:56:  * Scissor Rectangle: yes
12:51:56:  * Hardware Occlusion Query: yes
12:51:56:  * User clip planes: yes
12:51:56:  * VET_UBYTE4 vertex element type: yes
12:51:56:  * Infinite far plane projection: yes
12:51:56:  * Hardware render-to-texture: yes
12:51:56:  * Floating point textures: yes
12:51:56:  * Non-power-of-two textures: yes
12:51:56:  * Volume textures: yes
12:51:56:  * Multiple Render Targets: 4
12:51:56:    - With different bit depths: no
12:51:56:  * Point Sprites: yes
12:51:56:  * Extended point parameters: yes
12:51:56:  * Max Point Size: 10
12:51:56:  * Vertex texture fetch: yes
12:51:56:  * Number of world matrices: 0
12:51:56:  * Number of texture units: 8
12:51:56:  * Stencil buffer depth: 8
12:51:56:  * Number of vertex blend matrices: 0
12:51:56:    - Max vertex textures: 4
12:51:56:    - Vertex textures shared: no
12:51:56:  * Render to Vertex Buffer : no
12:51:56:  * DirectX per stage constants: yes
12:51:56: ***************************************
12:51:56: *** D3D9 : Subsystem Initialised OK ***
12:51:56: ***************************************
12:51:56: DefaultWorkQueue('Root') initialising on thread 0005C530.
12:51:56: Particle Renderer Type 'billboard' registered
12:51:56: DefaultWorkQueue('Root')::WorkerFunc - thread 000BEA38 starting.
12:51:56: Parsing scripts for resource group Autodetect
12:51:56: Finished parsing scripts for resource group Autodetect
12:51:56: Parsing scripts for resource group Essential
12:51:56: Parsing script SdkTrays.material
12:51:56: Parsing script SdkTrays.fontdef
12:51:56: Parsing script SdkTrays.overlay
12:51:56: Bad element attribute line: '# you can offset the image to change the cursor "hotspot"' for element SdkTrays/Cursor in overlay 
12:51:56: Texture: sdk_cursor.png: Loading 1 faces(PF_A8R8G8B8,32x32x1) with  hardware generated mipmaps from Image. Internal format is PF_A8R8G8B8,32x32x1.
12:51:56: Texture: sdk_tray.png: Loading 1 faces(PF_A8R8G8B8,64x64x1) with  hardware generated mipmaps from Image. Internal format is PF_A8R8G8B8,64x64x1.
12:51:56: Texture: sdk_button_up.png: Loading 1 faces(PF_A8R8G8B8,128x32x1) with  hardware generated mipmaps from Image. Internal format is PF_A8R8G8B8,128x32x1.
12:51:56: Texture: sdk_text_box.png: Loading 1 faces(PF_A8R8G8B8,32x32x1) with  hardware generated mipmaps from Image. Internal format is PF_A8R8G8B8,32x32x1.
12:51:56: Texture: sdk_mini_tray.png: Loading 1 faces(PF_A8R8G8B8,32x32x1) with  hardware generated mipmaps from Image. Internal format is PF_A8R8G8B8,32x32x1.
12:51:56: Texture: sdk_track.png: Loading 1 faces(PF_A8R8G8B8,16x32x1) with  hardware generated mipmaps from Image. Internal format is PF_A8R8G8B8,16x32x1.
12:51:56: Texture: sdk_handle.png: Loading 1 faces(PF_A8R8G8B8,16x16x1) with  hardware generated mipmaps from Image. Internal format is PF_A8R8G8B8,16x16x1.
12:51:56: Texture: sdk_mini_text_box.png: Loading 1 faces(PF_A8R8G8B8,32x32x1) with  hardware generated mipmaps from Image. Internal format is PF_A8R8G8B8,32x32x1.
12:51:56: Texture: sdk_label.png: Loading 1 faces(PF_A8R8G8B8,32x32x1) with  hardware generated mipmaps from Image. Internal format is PF_A8R8G8B8,32x32x1.
12:51:56: Texture: sdk_separator.png: Loading 1 faces(PF_A8R8G8B8,64x16x1) with  hardware generated mipmaps from Image. Internal format is PF_A8R8G8B8,64x16x1.
12:51:56: Texture: sdk_logo.png: Loading 1 faces(PF_A8R8G8B8,128x64x1) with  hardware generated mipmaps from Image. Internal format is PF_A8R8G8B8,128x64x1.
12:51:56: Texture: sdk_shade.png: Loading 1 faces(PF_A8R8G8B8,64x48x1) with 5 generated mipmaps from Image. Internal format is PF_A8R8G8B8,64x48x1.
12:51:56: Texture: sdk_frame.png: Loading 1 faces(PF_A8R8G8B8,32x32x1) with  hardware generated mipmaps from Image. Internal format is PF_A8R8G8B8,32x32x1.
12:51:56: Texture: sdk_mini_text_box_over.png: Loading 1 faces(PF_A8R8G8B8,32x32x1) with  hardware generated mipmaps from Image. Internal format is PF_A8R8G8B8,32x32x1.
12:51:56: Texture: sdk_pulse.png: Loading 1 faces(PF_R8G8B8,8x1x1) with  hardware generated mipmaps from Image. Internal format is PF_X8R8G8B8,8x1x1.
12:51:56: Finished parsing scripts for resource group Essential
12:51:56: Parsing scripts for resource group General
12:51:56: Parsing script Sinbad.material
12:51:56: Finished parsing scripts for resource group General
12:51:56: Parsing scripts for resource group Internal
12:51:56: Finished parsing scripts for resource group Internal
12:51:56: *** Initializing OIS ***
12:51:56: Font SdkTrays/Captionusing texture size 512x256
12:51:56: Info: Freetype returned null for character 160 in font SdkTrays/Caption
12:51:56: Texture: SdkTrays/CaptionTexture: Loading 1 faces(PF_BYTE_LA,512x256x1) with 0 generated mipmaps from Image. Internal format is PF_BYTE_LA,512x256x1.
12:51:56: Font SdkTrays/Valueusing texture size 512x512
12:51:56: Info: Freetype returned null for character 127 in font SdkTrays/Value
12:51:56: Info: Freetype returned null for character 128 in font SdkTrays/Value
12:51:56: Info: Freetype returned null for character 129 in font SdkTrays/Value
12:51:56: Info: Freetype returned null for character 130 in font SdkTrays/Value
12:51:56: Info: Freetype returned null for character 131 in font SdkTrays/Value
12:51:56: Info: Freetype returned null for character 132 in font SdkTrays/Value
12:51:56: Info: Freetype returned null for character 133 in font SdkTrays/Value
12:51:56: Info: Freetype returned null for character 134 in font SdkTrays/Value
12:51:56: Info: Freetype returned null for character 135 in font SdkTrays/Value
12:51:56: Info: Freetype returned null for character 136 in font SdkTrays/Value
12:51:56: Info: Freetype returned null for character 137 in font SdkTrays/Value
12:51:56: Info: Freetype returned null for character 138 in font SdkTrays/Value
12:51:56: Info: Freetype returned null for character 139 in font SdkTrays/Value
12:51:56: Info: Freetype returned null for character 140 in font SdkTrays/Value
12:51:56: Info: Freetype returned null for character 141 in font SdkTrays/Value
12:51:56: Info: Freetype returned null for character 142 in font SdkTrays/Value
12:51:56: Info: Freetype returned null for character 143 in font SdkTrays/Value
12:51:56: Info: Freetype returned null for character 144 in font SdkTrays/Value
12:51:56: Info: Freetype returned null for character 145 in font SdkTrays/Value
12:51:56: Info: Freetype returned null for character 146 in font SdkTrays/Value
12:51:56: Info: Freetype returned null for character 147 in font SdkTrays/Value
12:51:56: Info: Freetype returned null for character 148 in font SdkTrays/Value
12:51:56: Info: Freetype returned null for character 149 in font SdkTrays/Value
12:51:56: Info: Freetype returned null for character 150 in font SdkTrays/Value
12:51:56: Info: Freetype returned null for character 151 in font SdkTrays/Value
12:51:56: Info: Freetype returned null for character 152 in font SdkTrays/Value
12:51:56: Info: Freetype returned null for character 153 in font SdkTrays/Value
12:51:56: Info: Freetype returned null for character 154 in font SdkTrays/Value
12:51:56: Info: Freetype returned null for character 155 in font SdkTrays/Value
12:51:56: Info: Freetype returned null for character 156 in font SdkTrays/Value
12:51:56: Info: Freetype returned null for character 157 in font SdkTrays/Value
12:51:56: Info: Freetype returned null for character 158 in font SdkTrays/Value
12:51:56: Info: Freetype returned null for character 159 in font SdkTrays/Value
12:51:56: Info: Freetype returned null for character 160 in font SdkTrays/Value
12:51:56: Texture: SdkTrays/ValueTexture: Loading 1 faces(PF_BYTE_LA,512x512x1) with 0 generated mipmaps from Image. Internal format is PF_BYTE_LA,512x512x1.
12:51:57: Texture: sdk_button_over.png: Loading 1 faces(PF_A8R8G8B8,128x32x1) with  hardware generated mipmaps from Image. Internal format is PF_A8R8G8B8,128x32x1.
12:51:57: Texture: sdk_button_down.png: Loading 1 faces(PF_A8R8G8B8,128x32x1) with  hardware generated mipmaps from Image. Internal format is PF_A8R8G8B8,128x32x1.
12:51:58: Mesh: Loading sinbad.mesh.
12:51:58: Skeleton: Loading Sinbad.skeleton
12:51:58: WARNING: sinbad.mesh is an older format ([MeshSerializer_v1.40]); you should upgrade it as soon as possible using the OgreMeshUpgrade tool.
12:51:58: Texture: sinbad_body.tga: Loading 1 faces(PF_R8G8B8,512x512x1) with  hardware generated mipmaps from Image. Internal format is PF_X8R8G8B8,512x512x1.
12:51:58: Texture: sinbad_clothes.tga: Loading 1 faces(PF_R8G8B8,512x512x1) with  hardware generated mipmaps from Image. Internal format is PF_X8R8G8B8,512x512x1.
12:51:58: Texture: sinbad_sword.tga: Loading 1 faces(PF_R8G8B8,256x256x1) with  hardware generated mipmaps from Image. Internal format is PF_X8R8G8B8,256x256x1.
12:51:58: WARNING: the mesh 'sinbad.mesh' includes vertices with more than 4 bone assignments. The lowest weighted assignments beyond this limit have been removed, so your animation may look slightly different. To eliminate this, reduce the number of bone assignments per vertex on your mesh to 4.
